#
# A fatal error has been detected by the Java Runtime Environment:
#
#  EXCEPTION_ACCESS_VIOLATION (0xc0000005) at pc=0x0000000066f6f216, pid=30880, tid=0x0000000000006e04
#
# JRE version: Java(TM) SE Runtime Environment (8.0_321-b07) (build 1.8.0_321-b07)
# Java VM: Java HotSpot(TM) 64-Bit Server VM (25.321-b07 mixed mode windows-amd64 compressed oops)
# Problematic frame:
# V  [jvm.dll+0x22f216]
#
# Failed to write core dump. Minidumps are not enabled by default on client versions of Windows
#
# If you would like to submit a bug report, please visit:
#   http://bugreport.java.com/bugreport/crash.jsp
#

---------------  T H R E A D  ---------------

Current thread (0x000002c6a2061800):  VMThread [stack: 0x000000f7e3100000,0x000000f7e3200000] [id=28164]

siginfo: ExceptionCode=0xc0000005, reading address 0x0000000000000008

Registers:
RAX=0x0000000000000000, RBX=0x000000f7e31fef40, RCX=0x0000000000000000, RDX=0x0000000000000028
RSP=0x000000f7e31fec50, RBP=0x000000f7e31ff4a0, RSI=0x0000000000000000, RDI=0x000000f7e31ff620
R8 =0x0000000000000000, R9 =0x000002c6a1a2f620, R10=0x000002c6a1f3e750, R11=0x000002c6a1a32b91
R12=0x0000000000000057, R13=0x000002c6846e2410, R14=0x00000000000000b9, R15=0x0000000066d40000
RIP=0x0000000066f6f216, EFLAGS=0x0000000000010202

Top of Stack: (sp=0x000000f7e31fec50)
0x000000f7e31fec50:   000000f7e31fed60 00007ffac1fc7235
0x000000f7e31fec60:   000058c3c6291335 0000000000000008
0x000000f7e31fec70:   000000f7e31fef88 00007ffac1fcf3ce
0x000000f7e31fec80:   0000000000000000 00007ffac1fc7235
0x000000f7e31fec90:   000000f7e31fefa0 0000000000000008
0x000000f7e31feca0:   000000f7e31fefb8 00007ffac1fcf3ce
0x000000f7e31fecb0:   0000000000000000 00007ffac157c3cf
0x000000f7e31fecc0:   01d8e5190d74b7ad 0000000000000000
0x000000f7e31fecd0:   0000000000a21fe8 0000000001f24b7a
0x000000f7e31fece0:   0000277007a902d0 000000f7e22a4000
0x000000f7e31fecf0:   00000000000000ff 000000f7e31ff658
0x000000f7e31fed00:   000000f7e31fedd0 ffffffffffffffff
0x000000f7e31fed10:   ffffffffffffffff 00007ffac15348e6
0x000000f7e31fed20:   000058c3c6291315 00004bfa01d8e519
0x000000f7e31fed30:   00007ffac16c6450 000000f7e31feff8
0x000000f7e31fed40:   000000f7e31fed80 00007ffac15ed39b 

Instructions: (pc=0x0000000066f6f216)
0x0000000066f6f1f6:   01 00 00 48 8b 05 e8 af 56 00 48 33 c4 48 89 84
0x0000000066f6f206:   24 40 01 00 00 48 8b d9 48 63 49 10 48 8b 43 08
0x0000000066f6f216:   38 54 08 08 74 45 44 0f be c2 48 8d 4c 24 30 48
0x0000000066f6f226:   8d 15 b4 83 3b 00 e8 ff c0 df ff 4c 8d 0d 40 7b 


Register to memory mapping:

RAX=0x0000000000000000 is an unknown value
RBX=0x000000f7e31fef40 is an unknown value
RCX=0x0000000000000000 is an unknown value
RDX=0x0000000000000028 is an unknown value
RSP=0x000000f7e31fec50 is an unknown value
RBP=0x000000f7e31ff4a0 is an unknown value
RSI=0x0000000000000000 is an unknown value
RDI=0x000000f7e31ff620 is an unknown value
R8 =0x0000000000000000 is an unknown value
R9 =0x000002c6a1a2f620 is pointing into metadata
R10=0x000002c6a1f3e750 is an unknown value
R11=0x000002c6a1a32b91 is pointing into metadata
R12=0x0000000000000057 is an unknown value
R13=0x000002c6846e2410 is an unknown value
R14=0x00000000000000b9 is an unknown value
R15=0x0000000066d40000 is an unknown value


Stack: [0x000000f7e3100000,0x000000f7e3200000],  sp=0x000000f7e31fec50,  free space=1019k
Native frames: (J=compiled Java code, j=interpreted, Vv=VM code, C=native code)
V  [jvm.dll+0x22f216]
V  [jvm.dll+0x22f984]
V  [jvm.dll+0x1070c3]
V  [jvm.dll+0x10908b]
V  [jvm.dll+0x1098ae]
V  [jvm.dll+0x106eea]
V  [jvm.dll+0x10606a]
V  [jvm.dll+0xcd94b]
V  [jvm.dll+0xce3e3]
V  [jvm.dll+0x112eb4]
V  [jvm.dll+0x136220]
V  [jvm.dll+0x1b9851]
V  [jvm.dll+0x246507]
V  [jvm.dll+0x244c55]
V  [jvm.dll+0x2453ec]
V  [jvm.dll+0x2456fc]
V  [jvm.dll+0x292edc]
C  [ucrtbase.dll+0x21bb2]
C  [KERNEL32.DLL+0x17034]
C  [ntdll.dll+0x526a1]

VM_Operation (0x000000f7e36ff330): GetOrSetLocal, mode: safepoint, requested by thread 0x000002c6a20c9000


---------------  P R O C E S S  ---------------

Java Threads: ( => current thread )
  0x000002c6a20de800 JavaThread "Service Thread" daemon [_thread_blocked, id=39612, stack(0x000000f7e3d00000,0x000000f7e3e00000)]
  0x000002c6a20eb800 JavaThread "C1 CompilerThread3" daemon [_thread_blocked, id=40768, stack(0x000000f7e3c00000,0x000000f7e3d00000)]
  0x000002c6a20e9000 JavaThread "C2 CompilerThread2" daemon [_thread_blocked, id=33820, stack(0x000000f7e3b00000,0x000000f7e3c00000)]
  0x000002c6a20e7000 JavaThread "C2 CompilerThread1" daemon [_thread_blocked, id=23368, stack(0x000000f7e3a00000,0x000000f7e3b00000)]
  0x000002c6a20e3800 JavaThread "C2 CompilerThread0" daemon [_thread_blocked, id=8764, stack(0x000000f7e3900000,0x000000f7e3a00000)]
  0x000002c6a20cc800 JavaThread "JDWP Command Reader" daemon [_thread_in_native, id=11324, stack(0x000000f7e3800000,0x000000f7e3900000)]
  0x000002c6a20cb800 JavaThread "JDWP Event Helper Thread" daemon [_thread_blocked, id=20416, stack(0x000000f7e3700000,0x000000f7e3800000)]
  0x000002c6a20c9000 JavaThread "JDWP Transport Listener: dt_socket" daemon [_thread_blocked, id=16356, stack(0x000000f7e3600000,0x000000f7e3700000)]
  0x000002c6a20a7800 JavaThread "Attach Listener" daemon [_thread_blocked, id=42220, stack(0x000000f7e3500000,0x000000f7e3600000)]
  0x000002c6a20a7000 JavaThread "Signal Dispatcher" daemon [_thread_blocked, id=25264, stack(0x000000f7e3400000,0x000000f7e3500000)]
  0x000002c6a2089000 JavaThread "Finalizer" daemon [_thread_blocked, id=21928, stack(0x000000f7e3300000,0x000000f7e3400000)]
  0x000002c684702000 JavaThread "Reference Handler" daemon [_thread_blocked, id=36212, stack(0x000000f7e3200000,0x000000f7e3300000)]
  0x000002c684687800 JavaThread "main" [_thread_blocked, id=3524, stack(0x000000f7e2800000,0x000000f7e2900000)]

Other Threads:
=>0x000002c6a2061800 VMThread [stack: 0x000000f7e3100000,0x000000f7e3200000] [id=28164]
  0x000002c6a3e48000 WatcherThread [stack: 0x000000f7e3e00000,0x000000f7e3f00000] [id=35088]

VM state:at safepoint (normal execution)

VM Mutex/Monitor currently owned by a thread:  ([mutex/lock_event])
[0x000002c684685fb0] Threads_lock - owner thread: 0x000002c6a2061800

heap address: 0x0000000681400000, size: 5100 MB, Compressed Oops mode: Zero based, Oop shift amount: 3
Narrow klass base: 0x0000000000000000, Narrow klass shift: 3
Compressed class space size: 1073741824 Address: 0x00000007c0000000

Heap:
 PSYoungGen      total 95744K, used 37106K [0x0000000755c00000, 0x000000075c680000, 0x00000007c0000000)
  eden space 82432K, 45% used [0x0000000755c00000,0x000000075803c878,0x000000075ac80000)
  from space 13312K, 0% used [0x000000075b980000,0x000000075b980000,0x000000075c680000)
  to   space 13312K, 0% used [0x000000075ac80000,0x000000075ac80000,0x000000075b980000)
 ParOldGen       total 218624K, used 0K [0x0000000681400000, 0x000000068e980000, 0x0000000755c00000)
  object space 218624K, 0% used [0x0000000681400000,0x0000000681400000,0x000000068e980000)
 Metaspace       used 13906K, capacity 14068K, committed 14336K, reserved 1062912K
  class space    used 1414K, capacity 1484K, committed 1536K, reserved 1048576K

Card table byte_map: [0x000002c695a00000,0x000002c696400000] byte_map_base: 0x000002c6925f6000

Marking Bits: (ParMarkBitMap*) 0x0000000067529030
 Begin Bits: [0x000002c696ab0000, 0x000002c69ba60000)
 End Bits:   [0x000002c69ba60000, 0x000002c6a0a10000)

Polling page: 0x000002c6848b0000

CodeCache: size=245760Kb used=3781Kb max_used=3781Kb free=241978Kb
 bounds [0x000002c686640000, 0x000002c686a00000, 0x000002c695640000]
 total_blobs=1333 nmethods=982 adapters=272
 compilation: enabled

Compilation events (10 events):
Event: 1.526 Thread 0x000002c6a20eb800 nmethod 977 0x000002c6869eb7d0 code [0x000002c6869eb920, 0x000002c6869eba38]
Event: 1.526 Thread 0x000002c6a20eb800  978       3       java.lang.Class::getEnclosingClass (60 bytes)
Event: 1.526 Thread 0x000002c6a20e3800 nmethod 975 0x000002c6869eae90 code [0x000002c6869eafe0, 0x000002c6869eb1e8]
Event: 1.526 Thread 0x000002c6a20eb800 nmethod 978 0x000002c6869f21d0 code [0x000002c6869f2400, 0x000002c6869f2e30]
Event: 1.526 Thread 0x000002c6a20eb800  980   !   3       java.lang.Class::getSimpleBinaryName (38 bytes)
Event: 1.527 Thread 0x000002c6a20eb800 nmethod 980 0x000002c6869f1490 code [0x000002c6869f1660, 0x000002c6869f1e50]
Event: 1.527 Thread 0x000002c6a20eb800  982   !   3       java.io.BufferedWriter::write (117 bytes)
Event: 1.527 Thread 0x000002c6a20eb800 nmethod 982 0x000002c6869f0650 code [0x000002c6869f0820, 0x000002c6869f0fd0]
Event: 1.527 Thread 0x000002c6a20eb800  979       1       org.testng.shaded.com.google.gson.reflect.TypeToken::hashCode (5 bytes)
Event: 1.527 Thread 0x000002c6a20eb800 nmethod 979 0x000002c6869eabd0 code [0x000002c6869ead20, 0x000002c6869eae38]

GC Heap History (0 events):
No events

Deoptimization events (10 events):
Event: 1.324 Thread 0x000002c684687800 Uncommon trap: reason=bimorphic action=maybe_recompile pc=0x000002c6869406f8 method=java.util.concurrent.ConcurrentHashMap.get(Ljava/lang/Object;)Ljava/lang/Object; @ 149
Event: 1.366 Thread 0x000002c684687800 Uncommon trap: reason=bimorphic action=maybe_recompile pc=0x000002c6869406f8 method=java.util.concurrent.ConcurrentHashMap.get(Ljava/lang/Object;)Ljava/lang/Object; @ 149
Event: 1.369 Thread 0x000002c684687800 Uncommon trap: reason=bimorphic action=maybe_recompile pc=0x000002c6869406f8 method=java.util.concurrent.ConcurrentHashMap.get(Ljava/lang/Object;)Ljava/lang/Object; @ 149
Event: 1.450 Thread 0x000002c684687800 Uncommon trap: reason=unstable_if action=reinterpret pc=0x000002c686865af0 method=java.lang.AbstractStringBuilder.append(Ljava/lang/String;)Ljava/lang/AbstractStringBuilder; @ 1
Event: 1.454 Thread 0x000002c684687800 Uncommon trap: reason=unstable_if action=reinterpret pc=0x000002c68694a08c method=java.util.concurrent.ConcurrentHashMap.containsKey(Ljava/lang/Object;)Z @ 5
Event: 1.490 Thread 0x000002c684687800 Uncommon trap: reason=bimorphic action=maybe_recompile pc=0x000002c686957a48 method=java.util.HashMap.putVal(ILjava/lang/Object;Ljava/lang/Object;ZZ)Ljava/lang/Object; @ 203
Event: 1.502 Thread 0x000002c684687800 Uncommon trap: reason=bimorphic action=maybe_recompile pc=0x000002c686957a48 method=java.util.HashMap.putVal(ILjava/lang/Object;Ljava/lang/Object;ZZ)Ljava/lang/Object; @ 203
Event: 1.502 Thread 0x000002c684687800 Uncommon trap: reason=bimorphic action=maybe_recompile pc=0x000002c686957a48 method=java.util.HashMap.putVal(ILjava/lang/Object;Ljava/lang/Object;ZZ)Ljava/lang/Object; @ 203
Event: 1.502 Thread 0x000002c684687800 Uncommon trap: reason=bimorphic action=maybe_recompile pc=0x000002c686957a48 method=java.util.HashMap.putVal(ILjava/lang/Object;Ljava/lang/Object;ZZ)Ljava/lang/Object; @ 203
Event: 1.526 Thread 0x000002c684687800 Uncommon trap: reason=unstable_if action=reinterpret pc=0x000002c686986f88 method=java.util.concurrent.ConcurrentHashMap.get(Ljava/lang/Object;)Ljava/lang/Object; @ 76

Classes redefined (10 events):
Event: 12325.828 Thread 0x000002c6a2061800 redefined class name=com.testCases.CrossBrowserTesting, count=44
Event: 13081.009 Thread 0x000002c6a2061800 redefined class name=com.testCases.CrossBrowserTesting, count=45
Event: 13350.754 Thread 0x000002c6a2061800 redefined class name=com.testCases.CrossBrowserTesting, count=46
Event: 13357.015 Thread 0x000002c6a2061800 redefined class name=com.testCases.CrossBrowserTesting, count=47
Event: 13383.202 Thread 0x000002c6a2061800 redefined class name=com.testCases.CrossBrowserTesting, count=48
Event: 13603.625 Thread 0x000002c6a2061800 redefined class name=com.testCases.CrossBrowserTesting, count=49
Event: 13880.510 Thread 0x000002c6a2061800 redefined class name=com.testCases.CrossBrowserTesting, count=50
Event: 14715.315 Thread 0x000002c6a2061800 redefined class name=com.testCases.CrossBrowserTesting, count=51
Event: 18520.824 Thread 0x000002c6a2061800 redefined class name=com.testCases.CrossBrowserTesting, count=52
Event: 18602.565 Thread 0x000002c6a2061800 redefined class name=com.testCases.CrossBrowserTesting, count=53

Internal exceptions (10 events):
Event: 0.420 Thread 0x000002c684687800 Exception <a 'java/security/PrivilegedActionException'> (0x00000007562fd1f0) thrown at [C:\jenkins\workspace\8-2-build-windows-amd64-cygwin\jdk8u321\2141\hotspot\src\share\vm\prims\jvm.cpp, line 1523]
Event: 1.381 Thread 0x000002c684687800 Exception <a 'java/lang/NoSuchFieldError': method resolution failed> (0x0000000757734e28) thrown at [C:\jenkins\workspace\8-2-build-windows-amd64-cygwin\jdk8u321\2141\hotspot\src\share\vm\prims\methodHandles.cpp, line 1169]
Event: 1.386 Thread 0x000002c684687800 Exception <a 'java/lang/NoSuchFieldError': method resolution failed> (0x0000000757742888) thrown at [C:\jenkins\workspace\8-2-build-windows-amd64-cygwin\jdk8u321\2141\hotspot\src\share\vm\prims\methodHandles.cpp, line 1169]
Event: 1.450 Thread 0x000002c684687800 Implicit null exception at 0x000002c686865616 to 0x000002c686865ad9
Event: 1.492 Thread 0x000002c684687800 Exception <a 'java/lang/ClassNotFoundException': com/aventstack/extentreports/StatusBeanInfo> (0x0000000757d40948) thrown at [C:\jenkins\workspace\8-2-build-windows-amd64-cygwin\jdk8u321\2141\hotspot\src\share\vm\classfile\systemDictionary.cpp, line 212]
Event: 1.493 Thread 0x000002c684687800 Exception <a 'java/lang/ClassNotFoundException': java/lang/EnumBeanInfo> (0x0000000757d47cf0) thrown at [C:\jenkins\workspace\8-2-build-windows-amd64-cygwin\jdk8u321\2141\hotspot\src\share\vm\classfile\systemDictionary.cpp, line 212]
Event: 1.493 Thread 0x000002c684687800 Exception <a 'java/lang/ClassNotFoundException': java/lang/ObjectBeanInfo> (0x0000000757d4f5f8) thrown at [C:\jenkins\workspace\8-2-build-windows-amd64-cygwin\jdk8u321\2141\hotspot\src\share\vm\classfile\systemDictionary.cpp, line 212]
Event: 1.494 Thread 0x000002c684687800 Exception <a 'java/lang/ClassNotFoundException': java/lang/ObjectCustomizer> (0x0000000757d57068) thrown at [C:\jenkins\workspace\8-2-build-windows-amd64-cygwin\jdk8u321\2141\hotspot\src\share\vm\classfile\systemDictionary.cpp, line 212]
Event: 1.498 Thread 0x000002c684687800 Exception <a 'java/lang/ClassNotFoundException': java/lang/EnumCustomizer> (0x0000000757d65190) thrown at [C:\jenkins\workspace\8-2-build-windows-amd64-cygwin\jdk8u321\2141\hotspot\src\share\vm\classfile\systemDictionary.cpp, line 212]
Event: 1.499 Thread 0x000002c684687800 Exception <a 'java/lang/ClassNotFoundException': com/aventstack/extentreports/StatusCustomizer> (0x0000000757d81b70) thrown at [C:\jenkins\workspace\8-2-build-windows-amd64-cygwin\jdk8u321\2141\hotspot\src\share\vm\classfile\systemDictionary.cpp, line 212

Events (10 events):
Event: 19215.213 Executing VM operation: GetOwnedMonitorInfo done
Event: 19239.831 Executing VM operation: GetCurrentContendedMonitor
Event: 19239.832 Executing VM operation: GetCurrentContendedMonitor done
Event: 19239.832 Executing VM operation: GetOwnedMonitorInfo
Event: 19239.832 Executing VM operation: GetOwnedMonitorInfo done
Event: 19289.670 Executing VM operation: GetCurrentContendedMonitor
Event: 19289.671 Executing VM operation: GetCurrentContendedMonitor done
Event: 19289.671 Executing VM operation: GetOwnedMonitorInfo
Event: 19289.671 Executing VM operation: GetOwnedMonitorInfo done
Event: 19296.941 Executing VM operation: GetOrSetLocal


Dynamic libraries:
0x00007ff7c9e30000 - 0x00007ff7c9e77000 	C:\Program Files\Java\jdk1.8.0_321\jre\bin\javaw.exe
0x000002c684960000 - 0x000002c684b58000 	C:\Windows\SYSTEM32\ntd1l.dll
0x000002c6847b0000 - 0x000002c68486d000 	C:\Windows\System32\kern3l32.dll
0x00007ffac4270000 - 0x00007ffac4468000 	C:\Windows\SYSTEM32\ntdll.dll
0x00007ffac2f00000 - 0x00007ffac2fbd000 	C:\Windows\System32\KERNEL32.DLL
0x00007ffac1f60000 - 0x00007ffac2232000 	C:\Windows\System32\KERNELBASE.dll
0x00007ffac1530000 - 0x00007ffac172e000 	C:\Program Files\SentinelOne\Sentinel Agent 21.7.5.1080\InProcessClient64.dll
0x00007ffac3fb0000 - 0x00007ffac405e000 	C:\Windows\System32\ADVAPI32.dll
0x00007ffac2670000 - 0x00007ffac270e000 	C:\Windows\System32\msvcrt.dll
0x00007ffac22d0000 - 0x00007ffac236c000 	C:\Windows\System32\sechost.dll
0x00007ffac2a50000 - 0x00007ffac2b75000 	C:\Windows\System32\RPCRT4.dll
0x00007ffac2780000 - 0x00007ffac291d000 	C:\Windows\System32\USER32.dll
0x00007ffac19b0000 - 0x00007ffac19d2000 	C:\Windows\System32\win32u.dll
0x00007ffac2460000 - 0x00007ffac248b000 	C:\Windows\System32\GDI32.dll
0x00007ffac1a90000 - 0x00007ffac1b9f000 	C:\Windows\System32\gdi32full.dll
0x00007ffac1ba0000 - 0x00007ffac1c3d000 	C:\Windows\System32\msvcp_win.dll
0x00007ffac1e60000 - 0x00007ffac1f60000 	C:\Windows\System32\ucrtbase.dll
0x00007ffaaddb0000 - 0x00007ffaae04a000 	C:\Windows\WinSxS\amd64_microsoft.windows.common-controls_6595b64144ccf1df_6.0.19041.1110_none_60b5254171f9507e\COMCTL32.dll
0x00007ffac1520000 - 0x00007ffac152a000 	C:\Windows\SYSTEM32\VERSION.dll
0x00007ffac2490000 - 0x00007ffac24c0000 	C:\Windows\System32\IMM32.DLL
0x00007ffab5bf0000 - 0x00007ffab5c05000 	C:\Program Files\Java\jdk1.8.0_321\jre\bin\vcruntime140.dll
0x00007ffa89570000 - 0x00007ffa8960b000 	C:\Program Files\Java\jdk1.8.0_321\jre\bin\msvcp140.dll
0x0000000066d40000 - 0x00000000675a1000 	C:\Program Files\Java\jdk1.8.0_321\jre\bin\server\jvm.dll
0x00007ffac4060000 - 0x00007ffac4068000 	C:\Windows\System32\PSAPI.DLL
0x00007ffa9f8c0000 - 0x00007ffa9f8c9000 	C:\Windows\SYSTEM32\WSOCK32.dll
0x00007ffac2710000 - 0x00007ffac277b000 	C:\Windows\System32\WS2_32.dll
0x00007ffaaa9b0000 - 0x00007ffaaa9d7000 	C:\Windows\SYSTEM32\WINMM.dll
0x00007ffabfea0000 - 0x00007ffabfeb2000 	C:\Windows\SYSTEM32\kernel.appcore.dll
0x00007ffab9ff0000 - 0x00007ffaba000000 	C:\Program Files\Java\jdk1.8.0_321\jre\bin\verify.dll
0x00007ffaabb40000 - 0x00007ffaabb6b000 	C:\Program Files\Java\jdk1.8.0_321\jre\bin\java.dll
0x00007ffa8e040000 - 0x00007ffa8e076000 	C:\Program Files\Java\jdk1.8.0_321\jre\bin\jdwp.dll
0x00007ffab9e00000 - 0x00007ffab9e09000 	C:\Program Files\Java\jdk1.8.0_321\jre\bin\npt.dll
0x00007ffaabb20000 - 0x00007ffaabb38000 	C:\Program Files\Java\jdk1.8.0_321\jre\bin\zip.dll
0x00007ffac3860000 - 0x00007ffac3fa3000 	C:\Windows\System32\SHELL32.dll
0x00007ffabf360000 - 0x00007ffabfaf1000 	C:\Windows\SYSTEM32\windows.storage.dll
0x00007ffac34f0000 - 0x00007ffac3844000 	C:\Windows\System32\combase.dll
0x00007ffac11d0000 - 0x00007ffac1200000 	C:\Windows\SYSTEM32\Wldp.dll
0x00007ffac40d0000 - 0x00007ffac417d000 	C:\Windows\System32\SHCORE.dll
0x00007ffac4070000 - 0x00007ffac40c5000 	C:\Windows\System32\shlwapi.dll
0x00007ffac18c0000 - 0x00007ffac18df000 	C:\Windows\SYSTEM32\profapi.dll
0x00007ffaabb10000 - 0x00007ffaabb1a000 	C:\Program Files\Java\jdk1.8.0_321\jre\bin\dt_socket.dll
0x00007ffa91f00000 - 0x00007ffa91f17000 	C:\Windows\system32\napinsp.dll
0x00007ffac2240000 - 0x00007ffac22c2000 	C:\Windows\System32\bcryptPrimitives.dll
0x00007ffa91ee0000 - 0x00007ffa91efb000 	C:\Windows\system32\pnrpnsp.dll
0x00007ffabbd20000 - 0x00007ffabbd35000 	C:\Windows\system32\wshbth.dll
0x00007ffabd050000 - 0x00007ffabd06d000 	C:\Windows\system32\NLAapi.dll
0x00007ffac0bd0000 - 0x00007ffac0c0b000 	C:\Windows\SYSTEM32\IPHLPAPI.DLL
0x00007ffac0f30000 - 0x00007ffac0f9a000 	C:\Windows\System32\mswsock.dll
0x00007ffac0c20000 - 0x00007ffac0cea000 	C:\Windows\SYSTEM32\DNSAPI.dll
0x00007ffac3850000 - 0x00007ffac3858000 	C:\Windows\System32\NSI.dll
0x00007ffa91ec0000 - 0x00007ffa91ed2000 	C:\Windows\System32\winrnr.dll
0x00007ffab64a0000 - 0x00007ffab6520000 	C:\Windows\System32\fwpuclnt.dll
0x00007ffac1980000 - 0x00007ffac19a7000 	C:\Windows\System32\bcrypt.dll
0x00007ffab4210000 - 0x00007ffab421a000 	C:\Windows\System32\rasadhlp.dll
0x00007ffaa7d20000 - 0x00007ffaa7d3c000 	C:\Program Files\Java\jdk1.8.0_321\jre\bin\net.dll
0x00007ffac1120000 - 0x00007ffac1138000 	C:\Windows\SYSTEM32\CRYPTSP.dll
0x00007ffac06d0000 - 0x00007ffac0704000 	C:\Windows\system32\rsaenh.dll
0x00007ffac1880000 - 0x00007ffac18ae000 	C:\Windows\SYSTEM32\USERENV.dll
0x00007ffac1140000 - 0x00007ffac114c000 	C:\Windows\SYSTEM32\CRYPTBASE.dll
0x00007ffab8d60000 - 0x00007ffab8d77000 	C:\Windows\SYSTEM32\dhcpcsvc6.DLL
0x00007ffab9c00000 - 0x00007ffab9c1d000 	C:\Windows\SYSTEM32\dhcpcsvc.DLL
0x00007ffaa6ee0000 - 0x00007ffaa6ef3000 	C:\Program Files\Java\jdk1.8.0_321\jre\bin\nio.dll
0x00007ffabfbc0000 - 0x00007ffabfda4000 	C:\Windows\SYSTEM32\dbghelp.dll

VM Arguments:
jvm_args: -agentlib:jdwp=transport=dt_socket,suspend=y,address=localhost:51360 -ea -Dfile.encoding=Cp1252 
java_command: org.testng.remote.RemoteTestNG -serport 51359 -protocol json -d C:\Users\VigneshwariKumar\eclipse-workspace1\Logibec_Milestones\test-output C:\Users\VigneshwariKumar\eclipse-workspace1\Logibec_Milestones\testng.xml
java_class_path (initial): C:\Program Files\eclipse\plugins\org.testng.eclipse_6.10.0.201612030230\lib\testng-remote.jar;C:\Program Files\Java\jdk1.8.0_321\jre\lib\resources.jar;C:\Program Files\Java\jdk1.8.0_321\jre\lib\rt.jar;C:\Program Files\Java\jdk1.8.0_321\jre\lib\jsse.jar;C:\Program Files\Java\jdk1.8.0_321\jre\lib\jce.jar;C:\Program Files\Java\jdk1.8.0_321\jre\lib\charsets.jar;C:\Program Files\Java\jdk1.8.0_321\jre\lib\jfr.jar;C:\Program Files\Java\jdk1.8.0_321\jre\lib\ext\access-bridge-64.jar;C:\Program Files\Java\jdk1.8.0_321\jre\lib\ext\cldrdata.jar;C:\Program Files\Java\jdk1.8.0_321\jre\lib\ext\dnsns.jar;C:\Program Files\Java\jdk1.8.0_321\jre\lib\ext\jaccess.jar;C:\Program Files\Java\jdk1.8.0_321\jre\lib\ext\jfxrt.jar;C:\Program Files\Java\jdk1.8.0_321\jre\lib\ext\localedata.jar;C:\Program Files\Java\jdk1.8.0_321\jre\lib\ext\nashorn.jar;C:\Program Files\Java\jdk1.8.0_321\jre\lib\ext\sunec.jar;C:\Program Files\Java\jdk1.8.0_321\jre\lib\ext\sunjce_provider.jar;C:\Program Files\Java\jdk1.8.0_321\jre\lib\ext\sunmscapi.jar;C:\Program Files\Java\jdk1.8.0_321\jre\lib\ext\sunpkcs11.jar;C:\Program Files\Java\jdk1.8.0_321\jre\lib\ext\zipfs.jar;C:\Users\VigneshwariKumar\eclipse-workspace1\Logibec_Milestones\target\test-classes;C:\Users\VigneshwariKumar\eclipse-workspace1\Logibec_Milestones\target\classes;C:\Users\VigneshwariKumar\.m2\repository\junit\junit\3.8.1\junit-3.8.1.jar;C:\Users\VigneshwariKumar\.m2\repository\org\seleniumhq\selenium\selenium-server\3.141.59\selenium-server-3.141.59.jar;C:\Users\VigneshwariKumar\.m2\repository\org\seleniumhq\selenium\selenium-java\3.141.59\selenium-java-3.141.59.jar;C:\Users\VigneshwariKumar\.m2\repository\org\seleniumhq\selenium\selenium-api\3.141.59\selenium-api-3.141.59.jar;C:\Users\VigneshwariKumar\.m2\repository\org\seleniumhq\selenium\selenium-chrome-driver\3.141.59\selenium-chrome-driver-3.141.59.jar;C:\Users\VigneshwariKumar\.m2\repository\org\seleniumhq\selenium\selenium-edge-driver\3.141.59\selenium-edge-driver-3
Launcher Type: SUN_STANDARD

Environment Variables:
JAVA_HOME=C:\Program Files\Java\jdk1.8.0_202
PATH=C:\Program Files\Java\jdk1.8.0_321\jre\bin;C:/Program Files/Java/jre1.8.0_202/bin/server;C:/Program Files/Java/jre1.8.0_202/bin;C:/Program Files/Java/jre1.8.0_202/lib/amd64;C:\Program Files (x86)\Common Files\Oracle\Java\javapath;C:\Program Files\Common Files\Oracle\Java\javapath;C:\Program Files\apache-maven-3.8.5\bin;C:\Program Files\Java\jdk1.8.0_202\bin;C:\Program Files\apache-maven-3.8.5\bin;C:\Program Files\Microsoft SQL Server\Client SDK\ODBC\170\Tools\Binn\;C:\Program Files\Microsoft SQL Server\150\DTS\Binn\;C:\Program Files\eclipse;
USERNAME=VigneshwariKumar
OS=Windows_NT
PROCESSOR_IDENTIFIER=Intel64 Family 6 Model 142 Stepping 10, GenuineIntel



---------------  S Y S T E M  ---------------

OS: Windows 10 , 64 bit Build 19041 (10.0.19041.1889)

CPU:total 8 (initial active 8) (4 cores per cpu, 2 threads per core) family 6 model 142 stepping 10, cmov, cx8, fxsr, mmx, sse, sse2, sse3, ssse3, sse4.1, sse4.2, popcnt, avx, avx2, aes, clmul, erms, 3dnowpref, lzcnt, ht, tsc, tscinvbit, bmi1, bmi2, adx

Memory: 4k page, physical 20884496k(6720368k free), swap 29070284k(6984496k free)

vm_info: Java HotSpot(TM) 64-Bit Server VM (25.321-b07) for windows-amd64 JRE (1.8.0_321-b07), built on Dec 15 2021 11:19:20 by "java_re" with MS VC++ 15.9 (VS2017)

time: Fri Oct 21 17:39:34 2022
timezone: India Standard Time
elapsed time: 19297.768900 seconds (0d 5h 21m 37s)

